# JRE version: Java(TM) SE Runtime Environment (17.0.12+8) (build 17.0.12+8-LTS-286)
# Java VM: Java HotSpot(TM) 64-Bit Server VM (17.0.12+8-LTS-286, mixed mode, sharing, tiered, compressed oops, compressed class ptrs, g1 gc, windows-amd64)
GC Precious Log:
 CPUs: 4 total, 4 available
 Memory: 3934M
 Large Page Support: Disabled
 NUMA Support: Disabled
 Compressed Oops: Enabled (32-bit)
 Heap Region Size: 1M
 Heap Min Capacity: 8M
 Heap Initial Capacity: 62M
 Heap Max Capacity: 984M
 Pre-touch: Disabled
 Parallel Workers: 4
 Concurrent Workers: 1
 Concurrent Refinement Workers: 4
 Periodic GC: Disabled
Heap:
 garbage-first heap   total 55296K, used 25051K [0x00000000c2800000, 0x0000000100000000)
  region size 1024K, 2 young (2048K), 1 survivors (1024K)
 Metaspace       used 57811K, committed 58304K, reserved 1114112K
  class space    used 7542K, committed 7808K, reserved 1048576K
GC Heap History (20 events):
Event: 4402.481 GC heap before
{Heap before GC invocations=29 (full 1):
 garbage-first heap   total 55296K, used 39644K [0x00000000c2800000, 0x0000000100000000)
  region size 1024K, 13 young (13312K), 1 survivors (1024K)
 Metaspace       used 57688K, committed 58176K, reserved 1114112K
  class space    used 7555K, committed 7808K, reserved 1048576K
}
Event: 4402.632 GC heap after
{Heap after GC invocations=30 (full 1):
 garbage-first heap   total 55296K, used 28518K [0x00000000c2800000, 0x0000000100000000)
  region size 1024K, 2 young (2048K), 2 survivors (2048K)
 Metaspace       used 57688K, committed 58176K, reserved 1114112K
  class space    used 7555K, committed 7808K, reserved 1048576K
}
Event: 5320.268 GC heap before
{Heap before GC invocations=31 (full 1):
 garbage-first heap   total 55296K, used 37734K [0x00000000c2800000, 0x0000000100000000)
  region size 1024K, 11 young (11264K), 2 survivors (2048K)
 Metaspace       used 57636K, committed 58176K, reserved 1114112K
  class space    used 7541K, committed 7808K, reserved 1048576K
}
Event: 5320.392 GC heap after
{Heap after GC invocations=32 (full 1):
 garbage-first heap   total 55296K, used 28602K [0x00000000c2800000, 0x0000000100000000)
  region size 1024K, 1 young (1024K), 1 survivors (1024K)
 Metaspace       used 57636K, committed 58176K, reserved 1114112K
  class space    used 7541K, committed 7808K, reserved 1048576K
}
Event: 5410.302 GC heap before
{Heap before GC invocations=32 (full 1):
 garbage-first heap   total 55296K, used 28602K [0x00000000c2800000, 0x0000000100000000)
  region size 1024K, 2 young (2048K), 1 survivors (1024K)
 Metaspace       used 57637K, committed 58176K, reserved 1114112K
  class space    used 7541K, committed 7808K, reserved 1048576K
}
Event: 5410.398 GC heap after
{Heap after GC invocations=33 (full 1):
 garbage-first heap   total 55296K, used 27421K [0x00000000c2800000, 0x0000000100000000)
  region size 1024K, 1 young (1024K), 1 survivors (1024K)
 Metaspace       used 57637K, committed 58176K, reserved 1114112K
  class space    used 7541K, committed 7808K, reserved 1048576K
}
Event: 6369.421 GC heap before
{Heap before GC invocations=33 (full 1):
 garbage-first heap   total 55296K, used 40733K [0x00000000c2800000, 0x0000000100000000)
  region size 1024K, 15 young (15360K), 1 survivors (1024K)
 Metaspace       used 57672K, committed 58240K, reserved 1114112K
  class space    used 7543K, committed 7808K, reserved 1048576K
}
Event: 6369.605 GC heap after
{Heap after GC invocations=34 (full 1):
 garbage-first heap   total 55296K, used 27940K [0x00000000c2800000, 0x0000000100000000)
  region size 1024K, 1 young (1024K), 1 survivors (1024K)
 Metaspace       used 57672K, committed 58240K, reserved 1114112K
  class space    used 7543K, committed 7808K, reserved 1048576K
}
Event: 7389.803 GC heap before
{Heap before GC invocations=35 (full 1):
 garbage-first heap   total 55296K, used 43300K [0x00000000c2800000, 0x0000000100000000)
  region size 1024K, 16 young (16384K), 1 survivors (1024K)
 Metaspace       used 57704K, committed 58240K, reserved 1114112K
  class space    used 7540K, committed 7808K, reserved 1048576K
}
Event: 7389.853 GC heap after
{Heap after GC invocations=36 (full 1):
 garbage-first heap   total 55296K, used 28297K [0x00000000c2800000, 0x0000000100000000)
  region size 1024K, 1 young (1024K), 1 survivors (1024K)
 Metaspace       used 57704K, committed 58240K, reserved 1114112K
  class space    used 7540K, committed 7808K, reserved 1048576K
}
Event: 7489.022 GC heap before
{Heap before GC invocations=36 (full 1):
 garbage-first heap   total 55296K, used 29321K [0x00000000c2800000, 0x0000000100000000)
  region size 1024K, 2 young (2048K), 1 survivors (1024K)
 Metaspace       used 57704K, committed 58240K, reserved 1114112K
  class space    used 7540K, committed 7808K, reserved 1048576K
}
Event: 7489.232 GC heap after
{Heap after GC invocations=37 (full 1):
 garbage-first heap   total 55296K, used 24272K [0x00000000c2800000, 0x0000000100000000)
  region size 1024K, 1 young (1024K), 1 survivors (1024K)
 Metaspace       used 57704K, committed 58240K, reserved 1114112K
  class space    used 7540K, committed 7808K, reserved 1048576K
}
Event: 8897.038 GC heap before
{Heap before GC invocations=37 (full 1):
 garbage-first heap   total 55296K, used 42704K [0x00000000c2800000, 0x0000000100000000)
  region size 1024K, 19 young (19456K), 1 survivors (1024K)
 Metaspace       used 57755K, committed 58304K, reserved 1114112K
  class space    used 7542K, committed 7808K, reserved 1048576K
}
Event: 8897.137 GC heap after
{Heap after GC invocations=38 (full 1):
 garbage-first heap   total 55296K, used 24724K [0x00000000c2800000, 0x0000000100000000)
  region size 1024K, 1 young (1024K), 1 survivors (1024K)
 Metaspace       used 57755K, committed 58304K, reserved 1114112K
  class space    used 7542K, committed 7808K, reserved 1048576K
}
Event: 10356.324 GC heap before
{Heap before GC invocations=39 (full 1):
 garbage-first heap   total 55296K, used 44180K [0x00000000c2800000, 0x0000000100000000)
  region size 1024K, 20 young (20480K), 1 survivors (1024K)
 Metaspace       used 57775K, committed 58304K, reserved 1114112K
  class space    used 7540K, committed 7808K, reserved 1048576K
}
Event: 10356.384 GC heap after
{Heap after GC invocations=40 (full 1):
 garbage-first heap   total 55296K, used 25120K [0x00000000c2800000, 0x0000000100000000)
  region size 1024K, 1 young (1024K), 1 survivors (1024K)
 Metaspace       used 57775K, committed 58304K, reserved 1114112K
  class space    used 7540K, committed 7808K, reserved 1048576K
}
Event: 10432.932 GC heap before
{Heap before GC invocations=40 (full 1):
 garbage-first heap   total 55296K, used 26144K [0x00000000c2800000, 0x0000000100000000)
  region size 1024K, 2 young (2048K), 1 survivors (1024K)
 Metaspace       used 57775K, committed 58304K, reserved 1114112K
  class space    used 7540K, committed 7808K, reserved 1048576K
}
Event: 10432.995 GC heap after
{Heap after GC invocations=41 (full 1):
 garbage-first heap   total 55296K, used 24575K [0x00000000c2800000, 0x0000000100000000)
  region size 1024K, 1 young (1024K), 1 survivors (1024K)
 Metaspace       used 57775K, committed 58304K, reserved 1114112K
  class space    used 7540K, committed 7808K, reserved 1048576K
}
Event: 12004.403 GC heap before
{Heap before GC invocations=41 (full 1):
 garbage-first heap   total 55296K, used 44031K [0x00000000c2800000, 0x0000000100000000)
  region size 1024K, 20 young (20480K), 1 survivors (1024K)
 Metaspace       used 57808K, committed 58304K, reserved 1114112K
  class space    used 7542K, committed 7808K, reserved 1048576K
}
Event: 12004.495 GC heap after
{Heap after GC invocations=42 (full 1):
 garbage-first heap   total 55296K, used 25051K [0x00000000c2800000, 0x0000000100000000)
  region size 1024K, 1 young (1024K), 1 survivors (1024K)
 Metaspace       used 57808K, committed 58304K, reserved 1114112K
  class space    used 7542K, committed 7808K, reserved 1048576K
}

