# JRE version: Java(TM) SE Runtime Environment (17.0.12+8) (build 17.0.12+8-LTS-286)
# Java VM: Java HotSpot(TM) 64-Bit Server VM (17.0.12+8-LTS-286, mixed mode, sharing, tiered, compressed oops, compressed class ptrs, g1 gc, windows-amd64)
GC Precious Log:
 CPUs: 4 total, 4 available
 Memory: 3934M
 Large Page Support: Disabled
 NUMA Support: Disabled
 Compressed Oops: Enabled (32-bit)
 Heap Region Size: 1M
 Heap Min Capacity: 8M
 Heap Initial Capacity: 62M
 Heap Max Capacity: 984M
 Pre-touch: Disabled
 Parallel Workers: 4
 Concurrent Workers: 1
 Concurrent Refinement Workers: 4
 Periodic GC: Disabled
Heap:
 garbage-first heap   total 66560K, used 41002K [0x00000000c2800000, 0x0000000100000000)
  region size 1024K, 7 young (7168K), 3 survivors (3072K)
 Metaspace       used 63003K, committed 63552K, reserved 1114112K
  class space    used 8549K, committed 8832K, reserved 1048576K
GC Heap History (20 events):
Event: 18.326 GC heap before
{Heap before GC invocations=9 (full 0):
 garbage-first heap   total 63488K, used 47949K [0x00000000c2800000, 0x0000000100000000)
  region size 1024K, 26 young (26624K), 2 survivors (2048K)
 Metaspace       used 29464K, committed 29824K, reserved 1114112K
  class space    used 3768K, committed 3904K, reserved 1048576K
}
Event: 18.332 GC heap after
{Heap after GC invocations=10 (full 0):
 garbage-first heap   total 63488K, used 24767K [0x00000000c2800000, 0x0000000100000000)
  region size 1024K, 4 young (4096K), 4 survivors (4096K)
 Metaspace       used 29464K, committed 29824K, reserved 1114112K
  class space    used 3768K, committed 3904K, reserved 1048576K
}
Event: 19.519 GC heap before
{Heap before GC invocations=10 (full 0):
 garbage-first heap   total 63488K, used 48319K [0x00000000c2800000, 0x0000000100000000)
  region size 1024K, 27 young (27648K), 4 survivors (4096K)
 Metaspace       used 33495K, committed 33856K, reserved 1114112K
  class space    used 4330K, committed 4480K, reserved 1048576K
}
Event: 19.528 GC heap after
{Heap after GC invocations=11 (full 0):
 garbage-first heap   total 63488K, used 27429K [0x00000000c2800000, 0x0000000100000000)
  region size 1024K, 4 young (4096K), 4 survivors (4096K)
 Metaspace       used 33495K, committed 33856K, reserved 1114112K
  class space    used 4330K, committed 4480K, reserved 1048576K
}
Event: 19.946 GC heap before
{Heap before GC invocations=11 (full 0):
 garbage-first heap   total 63488K, used 54053K [0x00000000c2800000, 0x0000000100000000)
  region size 1024K, 25 young (25600K), 4 survivors (4096K)
 Metaspace       used 33864K, committed 34304K, reserved 1114112K
  class space    used 4364K, committed 4608K, reserved 1048576K
}
Event: 19.956 GC heap after
{Heap after GC invocations=12 (full 0):
 garbage-first heap   total 63488K, used 31112K [0x00000000c2800000, 0x0000000100000000)
  region size 1024K, 4 young (4096K), 4 survivors (4096K)
 Metaspace       used 33864K, committed 34304K, reserved 1114112K
  class space    used 4364K, committed 4608K, reserved 1048576K
}
Event: 20.518 GC heap before
{Heap before GC invocations=12 (full 0):
 garbage-first heap   total 63488K, used 41352K [0x00000000c2800000, 0x0000000100000000)
  region size 1024K, 14 young (14336K), 4 survivors (4096K)
 Metaspace       used 35499K, committed 35968K, reserved 1114112K
  class space    used 4587K, committed 4800K, reserved 1048576K
}
Event: 20.524 GC heap after
{Heap after GC invocations=13 (full 0):
 garbage-first heap   total 63488K, used 31927K [0x00000000c2800000, 0x0000000100000000)
  region size 1024K, 2 young (2048K), 2 survivors (2048K)
 Metaspace       used 35499K, committed 35968K, reserved 1114112K
  class space    used 4587K, committed 4800K, reserved 1048576K
}
Event: 21.317 GC heap before
{Heap before GC invocations=14 (full 0):
 garbage-first heap   total 63488K, used 48311K [0x00000000c2800000, 0x0000000100000000)
  region size 1024K, 19 young (19456K), 2 survivors (2048K)
 Metaspace       used 39853K, committed 40384K, reserved 1114112K
  class space    used 5261K, committed 5504K, reserved 1048576K
}
Event: 21.323 GC heap after
{Heap after GC invocations=15 (full 0):
 garbage-first heap   total 63488K, used 32579K [0x00000000c2800000, 0x0000000100000000)
  region size 1024K, 2 young (2048K), 2 survivors (2048K)
 Metaspace       used 39853K, committed 40384K, reserved 1114112K
  class space    used 5261K, committed 5504K, reserved 1048576K
}
Event: 22.342 GC heap before
{Heap before GC invocations=16 (full 0):
 garbage-first heap   total 63488K, used 49987K [0x00000000c2800000, 0x0000000100000000)
  region size 1024K, 19 young (19456K), 2 survivors (2048K)
 Metaspace       used 44863K, committed 45312K, reserved 1114112K
  class space    used 5934K, committed 6144K, reserved 1048576K
}
Event: 22.351 GC heap after
{Heap after GC invocations=17 (full 0):
 garbage-first heap   total 63488K, used 34503K [0x00000000c2800000, 0x0000000100000000)
  region size 1024K, 3 young (3072K), 3 survivors (3072K)
 Metaspace       used 44863K, committed 45312K, reserved 1114112K
  class space    used 5934K, committed 6144K, reserved 1048576K
}
Event: 23.906 GC heap before
{Heap before GC invocations=17 (full 0):
 garbage-first heap   total 63488K, used 50887K [0x00000000c2800000, 0x0000000100000000)
  region size 1024K, 19 young (19456K), 3 survivors (3072K)
 Metaspace       used 50739K, committed 51200K, reserved 1114112K
  class space    used 6711K, committed 6912K, reserved 1048576K
}
Event: 23.913 GC heap after
{Heap after GC invocations=18 (full 0):
 garbage-first heap   total 63488K, used 35998K [0x00000000c2800000, 0x0000000100000000)
  region size 1024K, 2 young (2048K), 2 survivors (2048K)
 Metaspace       used 50739K, committed 51200K, reserved 1114112K
  class space    used 6711K, committed 6912K, reserved 1048576K
}
Event: 24.527 GC heap before
{Heap before GC invocations=19 (full 0):
 garbage-first heap   total 65536K, used 50334K [0x00000000c2800000, 0x0000000100000000)
  region size 1024K, 16 young (16384K), 2 survivors (2048K)
 Metaspace       used 53824K, committed 54336K, reserved 1114112K
  class space    used 7086K, committed 7360K, reserved 1048576K
}
Event: 24.532 GC heap after
{Heap after GC invocations=20 (full 0):
 garbage-first heap   total 65536K, used 36463K [0x00000000c2800000, 0x0000000100000000)
  region size 1024K, 1 young (1024K), 1 survivors (1024K)
 Metaspace       used 53824K, committed 54336K, reserved 1114112K
  class space    used 7086K, committed 7360K, reserved 1048576K
}
Event: 25.460 GC heap before
{Heap before GC invocations=20 (full 0):
 garbage-first heap   total 65536K, used 51823K [0x00000000c2800000, 0x0000000100000000)
  region size 1024K, 17 young (17408K), 1 survivors (1024K)
 Metaspace       used 58872K, committed 59392K, reserved 1114112K
  class space    used 7946K, committed 8192K, reserved 1048576K
}
Event: 25.463 GC heap after
{Heap after GC invocations=21 (full 0):
 garbage-first heap   total 65536K, used 37010K [0x00000000c2800000, 0x0000000100000000)
  region size 1024K, 2 young (2048K), 2 survivors (2048K)
 Metaspace       used 58872K, committed 59392K, reserved 1114112K
  class space    used 7946K, committed 8192K, reserved 1048576K
}
Event: 26.258 GC heap before
{Heap before GC invocations=22 (full 0):
 garbage-first heap   total 66560K, used 52370K [0x00000000c2800000, 0x0000000100000000)
  region size 1024K, 18 young (18432K), 2 survivors (2048K)
 Metaspace       used 62556K, committed 63104K, reserved 1114112K
  class space    used 8493K, committed 8768K, reserved 1048576K
}
Event: 26.265 GC heap after
{Heap after GC invocations=23 (full 0):
 garbage-first heap   total 66560K, used 37930K [0x00000000c2800000, 0x0000000100000000)
  region size 1024K, 3 young (3072K), 3 survivors (3072K)
 Metaspace       used 62556K, committed 63104K, reserved 1114112K
  class space    used 8493K, committed 8768K, reserved 1048576K
}

