# JRE version: Java(TM) SE Runtime Environment (17.0.12+8) (build 17.0.12+8-LTS-286)
# Java VM: Java HotSpot(TM) 64-Bit Server VM (17.0.12+8-LTS-286, mixed mode, sharing, tiered, compressed oops, compressed class ptrs, g1 gc, windows-amd64)
GC Precious Log:
 CPUs: 4 total, 4 available
 Memory: 3934M
 Large Page Support: Disabled
 NUMA Support: Disabled
 Compressed Oops: Enabled (32-bit)
 Heap Region Size: 1M
 Heap Min Capacity: 8M
 Heap Initial Capacity: 62M
 Heap Max Capacity: 984M
 Pre-touch: Disabled
 Parallel Workers: 4
 Concurrent Workers: 1
 Concurrent Refinement Workers: 4
 Periodic GC: Disabled
Heap:
 garbage-first heap   total 63488K, used 44019K [0x00000000c2800000, 0x0000000100000000)
  region size 1024K, 16 young (16384K), 2 survivors (2048K)
 Metaspace       used 50572K, committed 51072K, reserved 1114112K
  class space    used 6772K, committed 7040K, reserved 1048576K
GC Heap History (20 events):
Event: 5.165 GC heap before
{Heap before GC invocations=6 (full 0):
 garbage-first heap   total 63488K, used 34347K [0x00000000c2800000, 0x0000000100000000)
  region size 1024K, 18 young (18432K), 4 survivors (4096K)
 Metaspace       used 21262K, committed 21504K, reserved 1114112K
  class space    used 2707K, committed 2816K, reserved 1048576K
}
Event: 5.173 GC heap after
{Heap after GC invocations=7 (full 0):
 garbage-first heap   total 63488K, used 21659K [0x00000000c2800000, 0x0000000100000000)
  region size 1024K, 1 young (1024K), 1 survivors (1024K)
 Metaspace       used 21262K, committed 21504K, reserved 1114112K
  class space    used 2707K, committed 2816K, reserved 1048576K
}
Event: 6.740 GC heap before
{Heap before GC invocations=8 (full 0):
 garbage-first heap   total 63488K, used 42139K [0x00000000c2800000, 0x0000000100000000)
  region size 1024K, 25 young (25600K), 1 survivors (1024K)
 Metaspace       used 23645K, committed 24000K, reserved 1114112K
  class space    used 2982K, committed 3136K, reserved 1048576K
}
Event: 6.747 GC heap after
{Heap after GC invocations=9 (full 0):
 garbage-first heap   total 63488K, used 20423K [0x00000000c2800000, 0x0000000100000000)
  region size 1024K, 3 young (3072K), 3 survivors (3072K)
 Metaspace       used 23645K, committed 24000K, reserved 1114112K
  class space    used 2982K, committed 3136K, reserved 1048576K
}
Event: 8.218 GC heap before
{Heap before GC invocations=9 (full 0):
 garbage-first heap   total 63488K, used 46023K [0x00000000c2800000, 0x0000000100000000)
  region size 1024K, 28 young (28672K), 3 survivors (3072K)
 Metaspace       used 26085K, committed 26432K, reserved 1114112K
  class space    used 3317K, committed 3456K, reserved 1048576K
}
Event: 8.230 GC heap after
{Heap after GC invocations=10 (full 0):
 garbage-first heap   total 63488K, used 21581K [0x00000000c2800000, 0x0000000100000000)
  region size 1024K, 2 young (2048K), 2 survivors (2048K)
 Metaspace       used 26085K, committed 26432K, reserved 1114112K
  class space    used 3317K, committed 3456K, reserved 1048576K
}
Event: 9.598 GC heap before
{Heap before GC invocations=10 (full 0):
 garbage-first heap   total 63488K, used 47181K [0x00000000c2800000, 0x0000000100000000)
  region size 1024K, 27 young (27648K), 2 survivors (2048K)
 Metaspace       used 31133K, committed 31552K, reserved 1114112K
  class space    used 4098K, committed 4288K, reserved 1048576K
}
Event: 9.606 GC heap after
{Heap after GC invocations=11 (full 0):
 garbage-first heap   total 63488K, used 23599K [0x00000000c2800000, 0x0000000100000000)
  region size 1024K, 4 young (4096K), 4 survivors (4096K)
 Metaspace       used 31133K, committed 31552K, reserved 1114112K
  class space    used 4098K, committed 4288K, reserved 1048576K
}
Event: 10.993 GC heap before
{Heap before GC invocations=11 (full 0):
 garbage-first heap   total 63488K, used 48175K [0x00000000c2800000, 0x0000000100000000)
  region size 1024K, 28 young (28672K), 4 survivors (4096K)
 Metaspace       used 35156K, committed 35584K, reserved 1114112K
  class space    used 4601K, committed 4800K, reserved 1048576K
}
Event: 11.003 GC heap after
{Heap after GC invocations=12 (full 0):
 garbage-first heap   total 63488K, used 25615K [0x00000000c2800000, 0x0000000100000000)
  region size 1024K, 3 young (3072K), 3 survivors (3072K)
 Metaspace       used 35156K, committed 35584K, reserved 1114112K
  class space    used 4601K, committed 4800K, reserved 1048576K
}
Event: 11.174 GC heap before
{Heap before GC invocations=12 (full 0):
 garbage-first heap   total 63488K, used 29711K [0x00000000c2800000, 0x0000000100000000)
  region size 1024K, 8 young (8192K), 3 survivors (3072K)
 Metaspace       used 35751K, committed 36160K, reserved 1114112K
  class space    used 4681K, committed 4864K, reserved 1048576K
}
Event: 11.180 GC heap after
{Heap after GC invocations=13 (full 0):
 garbage-first heap   total 63488K, used 25571K [0x00000000c2800000, 0x0000000100000000)
  region size 1024K, 3 young (3072K), 3 survivors (3072K)
 Metaspace       used 35751K, committed 36160K, reserved 1114112K
  class space    used 4681K, committed 4864K, reserved 1048576K
}
Event: 12.809 GC heap before
{Heap before GC invocations=14 (full 0):
 garbage-first heap   total 63488K, used 49123K [0x00000000c2800000, 0x0000000100000000)
  region size 1024K, 26 young (26624K), 3 survivors (3072K)
 Metaspace       used 39262K, committed 39744K, reserved 1114112K
  class space    used 5239K, committed 5504K, reserved 1048576K
}
Event: 12.817 GC heap after
{Heap after GC invocations=15 (full 0):
 garbage-first heap   total 63488K, used 27572K [0x00000000c2800000, 0x0000000100000000)
  region size 1024K, 4 young (4096K), 4 survivors (4096K)
 Metaspace       used 39262K, committed 39744K, reserved 1114112K
  class space    used 5239K, committed 5504K, reserved 1048576K
}
Event: 12.866 GC heap before
{Heap before GC invocations=15 (full 0):
 garbage-first heap   total 63488K, used 28596K [0x00000000c2800000, 0x0000000100000000)
  region size 1024K, 5 young (5120K), 4 survivors (4096K)
 Metaspace       used 39483K, committed 39936K, reserved 1114112K
  class space    used 5259K, committed 5504K, reserved 1048576K
}
Event: 12.876 GC heap after
{Heap after GC invocations=16 (full 0):
 garbage-first heap   total 63488K, used 27029K [0x00000000c2800000, 0x0000000100000000)
  region size 1024K, 1 young (1024K), 1 survivors (1024K)
 Metaspace       used 39483K, committed 39936K, reserved 1114112K
  class space    used 5259K, committed 5504K, reserved 1048576K
}
Event: 13.763 GC heap before
{Heap before GC invocations=16 (full 0):
 garbage-first heap   total 63488K, used 49557K [0x00000000c2800000, 0x0000000100000000)
  region size 1024K, 23 young (23552K), 1 survivors (1024K)
 Metaspace       used 43941K, committed 44480K, reserved 1114112K
  class space    used 5881K, committed 6144K, reserved 1048576K
}
Event: 13.768 GC heap after
{Heap after GC invocations=17 (full 0):
 garbage-first heap   total 63488K, used 30155K [0x00000000c2800000, 0x0000000100000000)
  region size 1024K, 3 young (3072K), 3 survivors (3072K)
 Metaspace       used 43941K, committed 44480K, reserved 1114112K
  class space    used 5881K, committed 6144K, reserved 1048576K
}
Event: 34.938 GC heap before
{Heap before GC invocations=17 (full 0):
 garbage-first heap   total 63488K, used 47563K [0x00000000c2800000, 0x0000000100000000)
  region size 1024K, 21 young (21504K), 3 survivors (3072K)
 Metaspace       used 48250K, committed 48768K, reserved 1114112K
  class space    used 6466K, committed 6720K, reserved 1048576K
}
Event: 35.019 GC heap after
{Heap after GC invocations=18 (full 0):
 garbage-first heap   total 63488K, used 31731K [0x00000000c2800000, 0x0000000100000000)
  region size 1024K, 2 young (2048K), 2 survivors (2048K)
 Metaspace       used 48250K, committed 48768K, reserved 1114112K
  class space    used 6466K, committed 6720K, reserved 1048576K
}

